<?xml version="1.0" encoding="UTF-8"?>
<testsuites name="Amazon_TestSuite_Login_001" time="37.849" tests="0" failures="0" errors="0">
   <testsuite name="Amazon_TestSuite_Login_001" tests="0" failures="0" errors="0" time="37.849" skipped="0" timestamp="05-02-2024T18:41:34" hostname="kiran - asus" id="Test Suites/Amazon_TestSuite/Amazon_TestSuite_Login_001">
      <properties>
         <property name="deviceName" value=""/>
         <property name="devicePlatform" value=""/>
         <property name="logFolder" value="C:\\Users\\kiran\\git\\Katalon_Automation_Testing_SB_Amazon\\Reports\\20240205_184129\\Amazon_TestSuite\\Amazon_TestSuite_Login_001\\20240205_184130"/>
         <property name="logFiles" value="C:\\Users\\kiran\\git\\Katalon_Automation_Testing_SB_Amazon\\Reports\\20240205_184129\\Amazon_TestSuite\\Amazon_TestSuite_Login_001\\20240205_184130\\execution0.log"/>
         <property name="attachments" value=""/>
         <property name="hostName" value="kiran - asus"/>
         <property name="os" value="Windows 11 64bit"/>
         <property name="katalonVersion" value="9.1.0.212"/>
         <property name="browser" value="Chrome 121.0.0.0"/>
         <property name="hostAddress" value="192.168.57.66"/>
         <property name="sessionId" value="31d392e13dff1cff03b260a5fa8efb70"/>
         <property name="seleniumVersion" value="3.141.59"/>
         <property name="proxyInformation" value="ProxyInformation { proxyOption=NO_PROXY, proxyServerType=HTTP, username=, password=********, proxyServerAddress=, proxyServerPort=0, executionList=&quot;&quot;, isApplyToDesiredCapabilities=true }"/>
         <property name="platform" value="Windows 11"/>
      </properties>
      <system-out><![CDATA[05-02-2024T18:41:34 - [TEST_SUITE][PASSED] - Amazon_TestSuite_Login_001: null]]></system-out>
      <system-err><![CDATA[]]></system-err>
   </testsuite>
</testsuites>
